<?xml version="1.0" encoding="UTF-8"?>
<testsuite xmlns:xsi="http://www.w3.org/2001/XMLSchema-instance" xsi:noNamespaceSchemaLocation="https://maven.apache.org/surefire/maven-surefire-plugin/xsd/surefire-test-report-3.0.xsd" version="3.0" name="learningJUnit5.Test.DemoUtilTest" time="0.117" tests="5" errors="0" skipped="0" failures="0">
  <properties>
    <property name="java.specification.version" value="20"/>
    <property name="sun.cpu.isalist" value="amd64"/>
    <property name="sun.jnu.encoding" value="Cp1252"/>
    <property name="java.class.path" value="C:\Users\NTS-Megha Hirmukhe\Desktop\SPRING-BOOT\JUnit\learningJUnit5\target\test-classes;C:\Users\NTS-Megha Hirmukhe\Desktop\SPRING-BOOT\JUnit\learningJUnit5\target\classes;C:\Users\NTS-Megha Hirmukhe\.m2\repository\org\junit\jupiter\junit-jupiter-api\5.10.0\junit-jupiter-api-5.10.0.jar;C:\Users\NTS-Megha Hirmukhe\.m2\repository\org\opentest4j\opentest4j\1.3.0\opentest4j-1.3.0.jar;C:\Users\NTS-Megha Hirmukhe\.m2\repository\org\junit\platform\junit-platform-commons\1.10.0\junit-platform-commons-1.10.0.jar;C:\Users\NTS-Megha Hirmukhe\.m2\repository\org\apiguardian\apiguardian-api\1.1.2\apiguardian-api-1.1.2.jar;"/>
    <property name="java.vm.vendor" value="Oracle Corporation"/>
    <property name="sun.arch.data.model" value="64"/>
    <property name="user.variant" value=""/>
    <property name="java.vendor.url" value="https://java.oracle.com/"/>
    <property name="user.timezone" value="Asia/Calcutta"/>
    <property name="os.name" value="Windows 11"/>
    <property name="java.vm.specification.version" value="20"/>
    <property name="sun.java.launcher" value="SUN_STANDARD"/>
    <property name="user.country" value="IN"/>
    <property name="sun.boot.library.path" value="C:\Program Files\Java\jdk-20\bin"/>
    <property name="sun.java.command" value="C:\Users\NTS-Megha Hirmukhe\AppData\Local\Temp\surefire13996544122980822117\surefirebooter-20231010183658351_3.jar C:\Users\NTS-Megha Hirmukhe\AppData\Local\Temp\surefire13996544122980822117 2023-10-10T18-36-58_095-jvmRun1 surefire-20231010183658351_1tmp surefire_0-20231010183658351_2tmp"/>
    <property name="jdk.debug" value="release"/>
    <property name="surefire.test.class.path" value="C:\Users\NTS-Megha Hirmukhe\Desktop\SPRING-BOOT\JUnit\learningJUnit5\target\test-classes;C:\Users\NTS-Megha Hirmukhe\Desktop\SPRING-BOOT\JUnit\learningJUnit5\target\classes;C:\Users\NTS-Megha Hirmukhe\.m2\repository\org\junit\jupiter\junit-jupiter-api\5.10.0\junit-jupiter-api-5.10.0.jar;C:\Users\NTS-Megha Hirmukhe\.m2\repository\org\opentest4j\opentest4j\1.3.0\opentest4j-1.3.0.jar;C:\Users\NTS-Megha Hirmukhe\.m2\repository\org\junit\platform\junit-platform-commons\1.10.0\junit-platform-commons-1.10.0.jar;C:\Users\NTS-Megha Hirmukhe\.m2\repository\org\apiguardian\apiguardian-api\1.1.2\apiguardian-api-1.1.2.jar;"/>
    <property name="sun.cpu.endian" value="little"/>
    <property name="user.home" value="C:\Users\NTS-Megha Hirmukhe"/>
    <property name="user.language" value="en"/>
    <property name="java.specification.vendor" value="Oracle Corporation"/>
    <property name="java.version.date" value="2023-04-18"/>
    <property name="java.home" value="C:\Program Files\Java\jdk-20"/>
    <property name="file.separator" value="\"/>
    <property name="basedir" value="C:\Users\NTS-Megha Hirmukhe\Desktop\SPRING-BOOT\JUnit\learningJUnit5"/>
    <property name="java.vm.compressedOopsMode" value="Zero based"/>
    <property name="line.separator" value="&#10;"/>
    <property name="java.vm.specification.vendor" value="Oracle Corporation"/>
    <property name="java.specification.name" value="Java Platform API Specification"/>
    <property name="surefire.real.class.path" value="C:\Users\NTS-Megha Hirmukhe\AppData\Local\Temp\surefire13996544122980822117\surefirebooter-20231010183658351_3.jar"/>
    <property name="user.script" value=""/>
    <property name="sun.management.compiler" value="HotSpot 64-Bit Tiered Compilers"/>
    <property name="java.runtime.version" value="20.0.1+9-29"/>
    <property name="user.name" value="NTS-Megha Hirmukhe"/>
    <property name="stdout.encoding" value="Cp1252"/>
    <property name="path.separator" value=";"/>
    <property name="os.version" value="10.0"/>
    <property name="java.runtime.name" value="Java(TM) SE Runtime Environment"/>
    <property name="file.encoding" value="UTF-8"/>
    <property name="java.vm.name" value="Java HotSpot(TM) 64-Bit Server VM"/>
    <property name="localRepository" value="C:\Users\NTS-Megha Hirmukhe\.m2\repository"/>
    <property name="java.vendor.url.bug" value="https://bugreport.java.com/bugreport/"/>
    <property name="java.io.tmpdir" value="C:\Users\NTS-ME~1\AppData\Local\Temp\"/>
    <property name="java.version" value="20.0.1"/>
    <property name="user.dir" value="C:\Users\NTS-Megha Hirmukhe\Desktop\SPRING-BOOT\JUnit\learningJUnit5"/>
    <property name="os.arch" value="amd64"/>
    <property name="java.vm.specification.name" value="Java Virtual Machine Specification"/>
    <property name="sun.os.patch.level" value=""/>
    <property name="native.encoding" value="Cp1252"/>
    <property name="java.library.path" value="C:\Program Files\Java\jdk-20\bin;C:\WINDOWS\Sun\Java\bin;C:\WINDOWS\system32;C:\WINDOWS;C:\Program Files\Common Files\Oracle\Java\javapath;C:\WINDOWS\system32;C:\WINDOWS;C:\WINDOWS\System32\Wbem;C:\WINDOWS\System32\WindowsPowerShell\v1.0\;C:\WINDOWS\System32\OpenSSH\;C:\Program Files\Java\jdk-20\bin;C:\Users\NTS-Admin\AppData\Roaming\nvm;C:\Program Files\nodejs;C:\Program Files\nodejs\;C:\apache-maven-3.9.5\bin;C:\Users\NTS-Megha Hirmukhe\AppData\Local\Microsoft\WindowsApps;C:\Program Files\MongoDB\Server\6.0\bin;C:\Users\NTS-Megha Hirmukhe\AppData\Local\Programs\Microsoft VS Code\bin;C:\Users\NTS-Megha Hirmukhe\AppData\Local\Programs\Git\cmd;C:\Users\NTS-Megha Hirmukhe\AppData\Roaming\npm;."/>
    <property name="java.vm.info" value="mixed mode, sharing"/>
    <property name="stderr.encoding" value="Cp1252"/>
    <property name="java.vendor" value="Oracle Corporation"/>
    <property name="java.vm.version" value="20.0.1+9-29"/>
    <property name="sun.io.unicode.encoding" value="UnicodeLittle"/>
    <property name="java.class.version" value="64.0"/>
  </properties>
  <testcase name="checking boolean method" classname="learningJUnit5.Test.DemoUtilTest" time="0.046">
    <system-out><![CDATA[this method will execute once before all remaining methods.the method annotated with @BeforeAll should be static
make new instance of demoutils before each test
all test done successfully
]]></system-out>
  </testcase>
  <testcase name="test null method" classname="learningJUnit5.Test.DemoUtilTest" time="0.006">
    <system-out><![CDATA[make new instance of demoutils before each test
all test done successfully
]]></system-out>
  </testcase>
  <testcase name="test adding method" classname="learningJUnit5.Test.DemoUtilTest" time="0.002">
    <system-out><![CDATA[make new instance of demoutils before each test
all test done successfully
]]></system-out>
  </testcase>
  <testcase name="check give collection is same or not" classname="learningJUnit5.Test.DemoUtilTest" time="0.008">
    <system-out><![CDATA[make new instance of demoutils before each test
all test done successfully
]]></system-out>
  </testcase>
  <testcase name="same or not" classname="learningJUnit5.Test.DemoUtilTest" time="0.002">
    <system-out><![CDATA[make new instance of demoutils before each test
all test done successfully
]]></system-out>
  </testcase>
</testsuite>